<?xml version="1.0" encoding="UTF-8"?>
<!-- Generated by org.testng.reporters.JUnitReportReporter -->
<testsuite hostname="LAPTOP-MKD438R2" failures="0" tests="4" name="api.tests.UserTests" time="13.426" errors="0" timestamp="2024-01-09T21:02:18 IST" skipped="0">
  <testcase classname="api.tests.UserTests" name="testUserUpdateUserByFirstName" time="2.473"/>
  <system-out/>
  <testcase classname="api.tests.UserTests" name="testDeleteUserByUserName" time="1.223"/>
  <system-out/>
  <testcase classname="api.tests.UserTests" name="testPostUser" time="8.394"/>
  <system-out/>
  <testcase classname="api.tests.UserTests" name="testGetUserByName" time="1.336"/>
  <system-out/>
</testsuite> <!-- api.tests.UserTests -->
