<?xml version="1.0" encoding="UTF-8"?>
<!-- Generated by org.testng.reporters.JUnitReportReporter -->
<testsuite hostname="LAPTOP-MKD438R2" failures="0" tests="6" name="api.tests.testDataProvider" time="6.951" errors="0" timestamp="2024-01-09T21:02:18 IST" skipped="0">
  <testcase classname="api.tests.testDataProvider" name="testDeleteUser" time="1.123"/>
  <system-out/>
  <testcase classname="api.tests.testDataProvider" name="testDeleteUser" time="1.172"/>
  <system-out/>
  <testcase classname="api.tests.testDataProvider" name="testDeleteUser" time="1.131"/>
  <system-out/>
  <testcase classname="api.tests.testDataProvider" name="testPostUser" time="1.149"/>
  <system-out/>
  <testcase classname="api.tests.testDataProvider" name="testPostUser" time="1.142"/>
  <system-out/>
  <testcase classname="api.tests.testDataProvider" name="testPostUser" time="1.234"/>
  <system-out/>
</testsuite> <!-- api.tests.testDataProvider -->
