<?xml version="1.0" encoding="UTF-8"?>
<!-- Generated by org.testng.reporters.JUnitReportReporter -->
<testsuite hostname="LAPTOP-MKD438R2" failures="0" tests="4" name="api.tests.UserTests1" time="5.711" errors="0" timestamp="2024-01-09T21:02:18 IST" skipped="0">
  <testcase classname="api.tests.UserTests1" name="testPostUser" time="1.137"/>
  <system-out/>
  <testcase classname="api.tests.UserTests1" name="testGetUserByName" time="1.128"/>
  <system-out/>
  <testcase classname="api.tests.UserTests1" name="testUserUpdateUserByFirstName" time="2.279"/>
  <system-out/>
  <testcase classname="api.tests.UserTests1" name="testDeleteUserByUserName" time="1.167"/>
  <system-out/>
</testsuite> <!-- api.tests.UserTests1 -->
